Jan                                  Feb                                  Mar                                 
┌────┬────┬────┬────┬────┬────┬────┐ ┌────┬────┬────┬────┬────┬────┬────┐ ┌────┬────┬────┬────┬────┬────┬────┐
│ Sun│ Mon│Tues│ Wed│Thur│ Fri│ Sat│ │ Sun│ Mon│Tues│ Wed│Thur│ Fri│ Sat│ │ Sun│ Mon│Tues│ Wed│Thur│ Fri│ Sat│
├────┼────┼────┼────┼────┼────┼────┤ ├────┼────┼────┼────┼────┼────┼────┤ ├────┼────┼────┼────┼────┼────┼────┤
│    │    │    │ 01 │ 02 │ 03 │ 04 │ │    │    │    │    │    │    │ 01 │ │    │    │    │    │    │    │ 01 │
├────┼────┼────┼────┼────┼────┼────┤ ├────┼────┼────┼────┼────┼────┼────┤ ├────┼────┼────┼────┼────┼────┼────┤
│ 05 │ 06 │ 07 │ 08 │ 09 │ 10 │ 11 │ │ 02 │ 03 │ 04 │ 05 │ 06 │ 07 │ 08 │ │ 02 │ 03 │ 04 │ 05 │ 06 │ 07 │ 08 │
├────┼────┼────┼────┼────┼────┼────┤ ├────┼────┼────┼────┼────┼────┼────┤ ├────┼────┼────┼────┼────┼────┼────┤
│ 12 │ 13 │ 14 │ 15 │ 16 │ 17 │ 18 │ │ 09 │ 10 │ 11 │ 12 │ 13 │ 14 │ 15 │ │ 09 │ 10 │ 11 │ 12 │ 13 │ 14 │ 15 │
├────┼────┼────┼────┼────┼────┼────┤ ├────┼────┼────┼────┼────┼────┼────┤ ├────┼────┼────┼────┼────┼────┼────┤
│ 19 │ 20 │ 21 │ 22 │ 23 │ 24 │ 25 │ │ 16 │ 17 │ 18 │ 19 │ 20 │ 21 │ 22 │ │ 16 │ 17 │ 18 │ 19 │ 20 │ 21 │ 22 │
├────┼────┼────┼────┼────┼────┼────┤ ├────┼────┼────┼────┼────┼────┼────┤ ├────┼────┼────┼────┼────┼────┼────┤
│ 26 │ 27 │ 28 │ 29 │ 30 │ 31 │    │ │ 23 │ 24 │ 25 │ 26 │ 27 │ 28 │ 29 │ │ 23 │ 24 │ 25 │ 26 │ 27 │ 28 │ 29 │
├────┼────┼────┼────┼────┼────┼────┤ ├────┼────┼────┼────┼────┼────┼────┤ ├────┼────┼────┼────┼────┼────┼────┤
│    │    │    │    │    │    │    │ │    │    │    │    │    │    │    │ │ 30 │ 31 │    │    │    │    │    │
└────┴────┴────┴────┴────┴────┴────┘ └────┴────┴────┴────┴────┴────┴────┘ └────┴────┴────┴────┴────┴────┴────┘
Apr                                  May                                  Jun                                 
┌────┬────┬────┬────┬────┬────┬────┐ ┌────┬────┬────┬────┬────┬────┬────┐ ┌────┬────┬────┬────┬────┬────┬────┐
│ Sun│ Mon│Tues│ Wed│Thur│ Fri│ Sat│ │ Sun│ Mon│Tues│ Wed│Thur│ Fri│ Sat│ │ Sun│ Mon│Tues│ Wed│Thur│ Fri│ Sat│
├────┼────┼────┼────┼────┼────┼────┤ ├────┼────┼────┼────┼────┼────┼────┤ ├────┼────┼────┼────┼────┼────┼────┤
│    │    │ 01 │ 02 │ 03 │ 04 │ 05 │ │    │    │    │    │ 01 │ 02 │ 03 │ │ 01 │ 02 │ 03 │ 04 │ 05 │ 06 │ 07 │
├────┼────┼────┼────┼────┼────┼────┤ ├────┼────┼────┼────┼────┼────┼────┤ ├────┼────┼────┼────┼────┼────┼────┤
│ 06 │ 07 │ 08 │ 09 │ 10 │ 11 │ 12 │ │ 04 │ 05 │ 06 │ 07 │ 08 │ 09 │ 10 │ │ 08 │ 09 │ 10 │ 11 │ 12 │ 13 │ 14 │
├────┼────┼────┼────┼────┼────┼────┤ ├────┼────┼────┼────┼────┼────┼────┤ ├────┼────┼────┼────┼────┼────┼────┤
│ 13 │ 14 │ 15 │ 16 │ 17 │ 18 │ 19 │ │ 11 │ 12 │ 13 │ 14 │ 15 │ 16 │ 17 │ │ 15 │ 16 │ 17 │ 18 │ 19 │ 20 │ 21 │
├────┼────┼────┼────┼────┼────┼────┤ ├────┼────┼────┼────┼────┼────┼────┤ ├────┼────┼────┼────┼────┼────┼────┤
│ 20 │ 21 │ 22 │ 23 │ 24 │ 25 │ 26 │ │ 18 │ 19 │ 20 │ 21 │ 22 │ 23 │ 24 │ │ 22 │ 23 │ 24 │ 25 │ 26 │ 27 │ 28 │
├────┼────┼────┼────┼────┼────┼────┤ ├────┼────┼────┼────┼────┼────┼────┤ ├────┼────┼────┼────┼────┼────┼────┤
│ 27 │ 28 │ 29 │ 30 │    │    │    │ │ 25 │ 26 │ 27 │ 28 │ 29 │ 30 │ 31 │ │ 29 │ 30 │    │    │    │    │    │
├────┼────┼────┼────┼────┼────┼────┤ ├────┼────┼────┼────┼────┼────┼────┤ ├────┼────┼────┼────┼────┼────┼────┤
│    │    │    │    │    │    │    │ │    │    │    │    │    │    │    │ │    │    │    │    │    │    │    │
└────┴────┴────┴────┴────┴────┴────┘ └────┴────┴────┴────┴────┴────┴────┘ └────┴────┴────┴────┴────┴────┴────┘
Jul                                  Aug                                  Sep                                 
┌────┬────┬────┬────┬────┬────┬────┐ ┌────┬────┬────┬────┬────┬────┬────┐ ┌────┬────┬────┬────┬────┬────┬────┐
│ Sun│ Mon│Tues│ Wed│Thur│ Fri│ Sat│ │ Sun│ Mon│Tues│ Wed│Thur│ Fri│ Sat│ │ Sun│ Mon│Tues│ Wed│Thur│ Fri│ Sat│
├────┼────┼────┼────┼────┼────┼────┤ ├────┼────┼────┼────┼────┼────┼────┤ ├────┼────┼────┼────┼────┼────┼────┤
│    │    │ 01 │ 02 │ 03 │ 04 │ 05 │ │    │    │    │    │    │ 01 │ 02 │ │    │ 01 │ 02 │ 03 │ 04 │ 05 │ 06 │
├────┼────┼────┼────┼────┼────┼────┤ ├────┼────┼────┼────┼────┼────┼────┤ ├────┼────┼────┼────┼────┼────┼────┤
│ 06 │ 07 │ 08 │ 09 │ 10 │ 11 │ 12 │ │ 03 │ 04 │ 05 │ 06 │ 07 │ 08 │ 09 │ │ 07 │ 08 │ 09 │ 10 │ 11 │ 12 │ 13 │
├────┼────┼────┼────┼────┼────┼────┤ ├────┼────┼────┼────┼────┼────┼────┤ ├────┼────┼────┼────┼────┼────┼────┤
│ 13 │ 14 │ 15 │ 16 │ 17 │ 18 │ 19 │ │ 10 │ 11 │ 12 │ 13 │ 14 │ 15 │ 16 │ │ 14 │ 15 │ 16 │ 17 │ 18 │ 19 │ 20 │
├────┼────┼────┼────┼────┼────┼────┤ ├────┼────┼────┼────┼────┼────┼────┤ ├────┼────┼────┼────┼────┼────┼────┤
│ 20 │ 21 │ 22 │ 23 │ 24 │ 25 │ 26 │ │ 17 │ 18 │ 19 │ 20 │ 21 │ 22 │ 23 │ │ 21 │ 22 │ 23 │ 24 │ 25 │ 26 │ 27 │
├────┼────┼────┼────┼────┼────┼────┤ ├────┼────┼────┼────┼────┼────┼────┤ ├────┼────┼────┼────┼────┼────┼────┤
│ 27 │ 28 │ 29 │ 30 │ 31 │    │    │ │ 24 │ 25 │ 26 │ 27 │ 28 │ 29 │ 30 │ │ 28 │ 29 │ 30 │    │    │    │    │
├────┼────┼────┼────┼────┼────┼────┤ ├────┼────┼────┼────┼────┼────┼────┤ ├────┼────┼────┼────┼────┼────┼────┤
│    │    │    │    │    │    │    │ │ 31 │    │    │    │    │    │    │ │    │    │    │    │    │    │    │
└────┴────┴────┴────┴────┴────┴────┘ └────┴────┴────┴────┴────┴────┴────┘ └────┴────┴────┴────┴────┴────┴────┘
Oct                                  Nov                                  Dec                                 
┌────┬────┬────┬────┬────┬────┬────┐ ┌────┬────┬────┬────┬────┬────┬────┐ ┌────┬────┬────┬────┬────┬────┬────┐
│ Sun│ Mon│Tues│ Wed│Thur│ Fri│ Sat│ │ Sun│ Mon│Tues│ Wed│Thur│ Fri│ Sat│ │ Sun│ Mon│Tues│ Wed│Thur│ Fri│ Sat│
├────┼────┼────┼────┼────┼────┼────┤ ├────┼────┼────┼────┼────┼────┼────┤ ├────┼────┼────┼────┼────┼────┼────┤
│    │    │    │ 01 │ 02 │ 03 │ 04 │ │    │    │    │    │    │    │ 01 │ │    │ 01 │ 02 │ 03 │ 04 │ 05 │ 06 │
├────┼────┼────┼────┼────┼────┼────┤ ├────┼────┼────┼────┼────┼────┼────┤ ├────┼────┼────┼────┼────┼────┼────┤
│ 05 │ 06 │ 07 │ 08 │ 09 │ 10 │ 11 │ │ 02 │ 03 │ 04 │ 05 │ 06 │ 07 │ 08 │ │ 07 │ 08 │ 09 │ 10 │ 11 │ 12 │ 13 │
├────┼────┼────┼────┼────┼────┼────┤ ├────┼────┼────┼────┼────┼────┼────┤ ├────┼────┼────┼────┼────┼────┼────┤
│ 12 │ 13 │ 14 │ 15 │ 16 │ 17 │ 18 │ │ 09 │ 10 │ 11 │ 12 │ 13 │ 14 │ 15 │ │ 14 │ 15 │ 16 │ 17 │ 18 │ 19 │ 20 │
├────┼────┼────┼────┼────┼────┼────┤ ├────┼────┼────┼────┼────┼────┼────┤ ├────┼────┼────┼────┼────┼────┼────┤
│ 19 │ 20 │ 21 │ 22 │ 23 │ 24 │ 25 │ │ 16 │ 17 │ 18 │ 19 │ 20 │ 21 │ 22 │ │ 21 │ 22 │ 23 │ 24 │ 25 │ 26 │ 27 │
├────┼────┼────┼────┼────┼────┼────┤ ├────┼────┼────┼────┼────┼────┼────┤ ├────┼────┼────┼────┼────┼────┼────┤
│ 26 │ 27 │ 28 │ 29 │ 30 │ 31 │    │ │ 23 │ 24 │ 25 │ 26 │ 27 │ 28 │ 29 │ │ 28 │ 29 │ 30 │ 31 │    │    │    │
├────┼────┼────┼────┼────┼────┼────┤ ├────┼────┼────┼────┼────┼────┼────┤ ├────┼────┼────┼────┼────┼────┼────┤
│    │    │    │    │    │    │    │ │ 30 │    │    │    │    │    │    │ │    │    │    │    │    │    │    │
└────┴────┴────┴────┴────┴────┴────┘ └────┴────┴────┴────┴────┴────┴────┘ └────┴────┴────┴────┴────┴────┴────┘

