336753 Oct 25
336750 Apr 1
336750 Apr 1
Sep                                 
┌────┬────┬────┬────┬────┬────┬────┐
│ Sun│ Mon│Tues│ Wed│Thur│ Fri│ Sat│
├────┼────┼────┼────┼────┼────┼────┤
│ 01 │ 02 │ 03 │ 04 │ 05 │ 06 │ 07 │
├────┼────┼────┼────┼────┼────┼────┤
│ 08 │ 09 │ 10 │ 11 │ 12 │ 13 │ 14 │
├────┼────┼────┼────┼────┼────┼────┤
│ 15 │ 16 │ 17 │ 18 │ 19 │ 20 │ 21 │
├────┼────┼────┼────┼────┼────┼────┤
│ 22 │ 23 │ 24 │ 25 │ 26 │ 27 │ 28 │
├────┼────┼────┼────┼────┼────┼────┤
│ 29 │ 30 │    │    │    │    │    │
├────┼────┼────┼────┼────┼────┼────┤
│    │    │    │    │    │    │    │
└────┴────┴────┴────┴────┴────┴────┘
Jul                                 
┌────┬────┬────┬────┬────┬────┬────┐
│ Sun│ Mon│Tues│ Wed│Thur│ Fri│ Sat│
├────┼────┼────┼────┼────┼────┼────┤
│    │    │    │ 01 │ 02 │ 03 │ 04 │
├────┼────┼────┼────┼────┼────┼────┤
│ 05 │ 06 │ 07 │ 08 │ 09 │ 10 │ 11 │
├────┼────┼────┼────┼────┼────┼────┤
│ 12 │ 13 │ 14 │ 15 │ 16 │ 17 │ 18 │
├────┼────┼────┼────┼────┼────┼────┤
│ 19 │ 20 │ 21 │ 22 │ 23 │ 24 │ 25 │
├────┼────┼────┼────┼────┼────┼────┤
│ 26 │ 27 │ 28 │ 29 │ 30 │ 31 │    │
├────┼────┼────┼────┼────┼────┼────┤
│    │    │    │    │    │    │    │
└────┴────┴────┴────┴────┴────┴────┘
904691 Aug 10
Aug                                 
┌────┬────┬────┬────┬────┬────┬────┐
│ Sun│ Mon│Tues│ Wed│Thur│ Fri│ Sat│
├────┼────┼────┼────┼────┼────┼────┤
│    │    │    │    │ 01 │ 02 │ 03 │
├────┼────┼────┼────┼────┼────┼────┤
│ 04 │ 05 │ 06 │ 07 │ 08 │ 09 │ 10 │
├────┼────┼────┼────┼────┼────┼────┤
│ 11 │ 12 │ 13 │ 14 │ 15 │ 16 │ 17 │
├────┼────┼────┼────┼────┼────┼────┤
│ 18 │ 19 │ 20 │ 21 │ 22 │ 23 │ 24 │
├────┼────┼────┼────┼────┼────┼────┤
│ 25 │ 26 │ 27 │ 28 │ 29 │ 30 │ 31 │
├────┼────┼────┼────┼────┼────┼────┤
│    │    │    │    │    │    │    │
└────┴────┴────┴────┴────┴────┴────┘
Jan                                  Feb                                  Mar                                 
┌────┬────┬────┬────┬────┬────┬────┐ ┌────┬────┬────┬────┬────┬────┬────┐ ┌────┬────┬────┬────┬────┬────┬────┐
│ Sun│ Mon│Tues│ Wed│Thur│ Fri│ Sat│ │ Sun│ Mon│Tues│ Wed│Thur│ Fri│ Sat│ │ Sun│ Mon│Tues│ Wed│Thur│ Fri│ Sat│
├────┼────┼────┼────┼────┼────┼────┤ ├────┼────┼────┼────┼────┼────┼────┤ ├────┼────┼────┼────┼────┼────┼────┤
│    │    │ 01 │ 02 │ 03 │ 04 │ 05 │ │    │    │    │    │    │ 01 │ 02 │ │    │    │    │    │    │ 01 │ 02 │
├────┼────┼────┼────┼────┼────┼────┤ ├────┼────┼────┼────┼────┼────┼────┤ ├────┼────┼────┼────┼────┼────┼────┤
│ 06 │ 07 │ 08 │ 09 │ 10 │ 11 │ 12 │ │ 03 │ 04 │ 05 │ 06 │ 07 │ 08 │ 09 │ │ 03 │ 04 │ 05 │ 06 │ 07 │ 08 │ 09 │
├────┼────┼────┼────┼────┼────┼────┤ ├────┼────┼────┼────┼────┼────┼────┤ ├────┼────┼────┼────┼────┼────┼────┤
│ 13 │ 14 │ 15 │ 16 │ 17 │ 18 │ 19 │ │ 10 │ 11 │ 12 │ 13 │ 14 │ 15 │ 16 │ │ 10 │ 11 │ 12 │ 13 │ 14 │ 15 │ 16 │
├────┼────┼────┼────┼────┼────┼────┤ ├────┼────┼────┼────┼────┼────┼────┤ ├────┼────┼────┼────┼────┼────┼────┤
│ 20 │ 21 │ 22 │ 23 │ 24 │ 25 │ 26 │ │ 17 │ 18 │ 19 │ 20 │ 21 │ 22 │ 23 │ │ 17 │ 18 │ 19 │ 20 │ 21 │ 22 │ 23 │
├────┼────┼────┼────┼────┼────┼────┤ ├────┼────┼────┼────┼────┼────┼────┤ ├────┼────┼────┼────┼────┼────┼────┤
│ 27 │ 28 │ 29 │ 30 │ 31 │    │    │ │ 24 │ 25 │ 26 │ 27 │ 28 │    │    │ │ 24 │ 25 │ 26 │ 27 │ 28 │ 29 │ 30 │
├────┼────┼────┼────┼────┼────┼────┤ ├────┼────┼────┼────┼────┼────┼────┤ ├────┼────┼────┼────┼────┼────┼────┤
│    │    │    │    │    │    │    │ │    │    │    │    │    │    │    │ │ 31 │    │    │    │    │    │    │
└────┴────┴────┴────┴────┴────┴────┘ └────┴────┴────┴────┴────┴────┴────┘ └────┴────┴────┴────┴────┴────┴────┘
Apr                                  May                                  Jun                                 
┌────┬────┬────┬────┬────┬────┬────┐ ┌────┬────┬────┬────┬────┬────┬────┐ ┌────┬────┬────┬────┬────┬────┬────┐
│ Sun│ Mon│Tues│ Wed│Thur│ Fri│ Sat│ │ Sun│ Mon│Tues│ Wed│Thur│ Fri│ Sat│ │ Sun│ Mon│Tues│ Wed│Thur│ Fri│ Sat│
├────┼────┼────┼────┼────┼────┼────┤ ├────┼────┼────┼────┼────┼────┼────┤ ├────┼────┼────┼────┼────┼────┼────┤
│    │ 01 │ 02 │ 03 │ 04 │ 05 │ 06 │ │    │    │    │ 01 │ 02 │ 03 │ 04 │ │    │    │    │    │    │    │ 01 │
├────┼────┼────┼────┼────┼────┼────┤ ├────┼────┼────┼────┼────┼────┼────┤ ├────┼────┼────┼────┼────┼────┼────┤
│ 07 │ 08 │ 09 │ 10 │ 11 │ 12 │ 13 │ │ 05 │ 06 │ 07 │ 08 │ 09 │ 10 │ 11 │ │ 02 │ 03 │ 04 │ 05 │ 06 │ 07 │ 08 │
├────┼────┼────┼────┼────┼────┼────┤ ├────┼────┼────┼────┼────┼────┼────┤ ├────┼────┼────┼────┼────┼────┼────┤
│ 14 │ 15 │ 16 │ 17 │ 18 │ 19 │ 20 │ │ 12 │ 13 │ 14 │ 15 │ 16 │ 17 │ 18 │ │ 09 │ 10 │ 11 │ 12 │ 13 │ 14 │ 15 │
├────┼────┼────┼────┼────┼────┼────┤ ├────┼────┼────┼────┼────┼────┼────┤ ├────┼────┼────┼────┼────┼────┼────┤
│ 21 │ 22 │ 23 │ 24 │ 25 │ 26 │ 27 │ │ 19 │ 20 │ 21 │ 22 │ 23 │ 24 │ 25 │ │ 16 │ 17 │ 18 │ 19 │ 20 │ 21 │ 22 │
├────┼────┼────┼────┼────┼────┼────┤ ├────┼────┼────┼────┼────┼────┼────┤ ├────┼────┼────┼────┼────┼────┼────┤
│ 28 │ 29 │ 30 │    │    │    │    │ │ 26 │ 27 │ 28 │ 29 │ 30 │ 31 │    │ │ 23 │ 24 │ 25 │ 26 │ 27 │ 28 │ 29 │
├────┼────┼────┼────┼────┼────┼────┤ ├────┼────┼────┼────┼────┼────┼────┤ ├────┼────┼────┼────┼────┼────┼────┤
│    │    │    │    │    │    │    │ │    │    │    │    │    │    │    │ │ 30 │    │    │    │    │    │    │
└────┴────┴────┴────┴────┴────┴────┘ └────┴────┴────┴────┴────┴────┴────┘ └────┴────┴────┴────┴────┴────┴────┘
Jul                                  Aug                                  Sep                                 
┌────┬────┬────┬────┬────┬────┬────┐ ┌────┬────┬────┬────┬────┬────┬────┐ ┌────┬────┬────┬────┬────┬────┬────┐
│ Sun│ Mon│Tues│ Wed│Thur│ Fri│ Sat│ │ Sun│ Mon│Tues│ Wed│Thur│ Fri│ Sat│ │ Sun│ Mon│Tues│ Wed│Thur│ Fri│ Sat│
├────┼────┼────┼────┼────┼────┼────┤ ├────┼────┼────┼────┼────┼────┼────┤ ├────┼────┼────┼────┼────┼────┼────┤
│    │ 01 │ 02 │ 03 │ 04 │ 05 │ 06 │ │    │    │    │    │ 01 │ 02 │ 03 │ │ 01 │ 02 │ 03 │ 04 │ 05 │ 06 │ 07 │
├────┼────┼────┼────┼────┼────┼────┤ ├────┼────┼────┼────┼────┼────┼────┤ ├────┼────┼────┼────┼────┼────┼────┤
│ 07 │ 08 │ 09 │ 10 │ 11 │ 12 │ 13 │ │ 04 │ 05 │ 06 │ 07 │ 08 │ 09 │ 10 │ │ 08 │ 09 │ 10 │ 11 │ 12 │ 13 │ 14 │
├────┼────┼────┼────┼────┼────┼────┤ ├────┼────┼────┼────┼────┼────┼────┤ ├────┼────┼────┼────┼────┼────┼────┤
│ 14 │ 15 │ 16 │ 17 │ 18 │ 19 │ 20 │ │ 11 │ 12 │ 13 │ 14 │ 15 │ 16 │ 17 │ │ 15 │ 16 │ 17 │ 18 │ 19 │ 20 │ 21 │
├────┼────┼────┼────┼────┼────┼────┤ ├────┼────┼────┼────┼────┼────┼────┤ ├────┼────┼────┼────┼────┼────┼────┤
│ 21 │ 22 │ 23 │ 24 │ 25 │ 26 │ 27 │ │ 18 │ 19 │ 20 │ 21 │ 22 │ 23 │ 24 │ │ 22 │ 23 │ 24 │ 25 │ 26 │ 27 │ 28 │
├────┼────┼────┼────┼────┼────┼────┤ ├────┼────┼────┼────┼────┼────┼────┤ ├────┼────┼────┼────┼────┼────┼────┤
│ 28 │ 29 │ 30 │ 31 │    │    │    │ │ 25 │ 26 │ 27 │ 28 │ 29 │ 30 │ 31 │ │ 29 │ 30 │    │    │    │    │    │
├────┼────┼────┼────┼────┼────┼────┤ ├────┼────┼────┼────┼────┼────┼────┤ ├────┼────┼────┼────┼────┼────┼────┤
│    │    │    │    │    │    │    │ │    │    │    │    │    │    │    │ │    │    │    │    │    │    │    │
└────┴────┴────┴────┴────┴────┴────┘ └────┴────┴────┴────┴────┴────┴────┘ └────┴────┴────┴────┴────┴────┴────┘
Oct                                  Nov                                  Dec                                 
┌────┬────┬────┬────┬────┬────┬────┐ ┌────┬────┬────┬────┬────┬────┬────┐ ┌────┬────┬────┬────┬────┬────┬────┐
│ Sun│ Mon│Tues│ Wed│Thur│ Fri│ Sat│ │ Sun│ Mon│Tues│ Wed│Thur│ Fri│ Sat│ │ Sun│ Mon│Tues│ Wed│Thur│ Fri│ Sat│
├────┼────┼────┼────┼────┼────┼────┤ ├────┼────┼────┼────┼────┼────┼────┤ ├────┼────┼────┼────┼────┼────┼────┤
│    │    │ 01 │ 02 │ 03 │ 04 │ 05 │ │    │    │    │    │    │ 01 │ 02 │ │ 01 │ 02 │ 03 │ 04 │ 05 │ 06 │ 07 │
├────┼────┼────┼────┼────┼────┼────┤ ├────┼────┼────┼────┼────┼────┼────┤ ├────┼────┼────┼────┼────┼────┼────┤
│ 06 │ 07 │ 08 │ 09 │ 10 │ 11 │ 12 │ │ 03 │ 04 │ 05 │ 06 │ 07 │ 08 │ 09 │ │ 08 │ 09 │ 10 │ 11 │ 12 │ 13 │ 14 │
├────┼────┼────┼────┼────┼────┼────┤ ├────┼────┼────┼────┼────┼────┼────┤ ├────┼────┼────┼────┼────┼────┼────┤
│ 13 │ 14 │ 15 │ 16 │ 17 │ 18 │ 19 │ │ 10 │ 11 │ 12 │ 13 │ 14 │ 15 │ 16 │ │ 15 │ 16 │ 17 │ 18 │ 19 │ 20 │ 21 │
├────┼────┼────┼────┼────┼────┼────┤ ├────┼────┼────┼────┼────┼────┼────┤ ├────┼────┼────┼────┼────┼────┼────┤
│ 20 │ 21 │ 22 │ 23 │ 24 │ 25 │ 26 │ │ 17 │ 18 │ 19 │ 20 │ 21 │ 22 │ 23 │ │ 22 │ 23 │ 24 │ 25 │ 26 │ 27 │ 28 │
├────┼────┼────┼────┼────┼────┼────┤ ├────┼────┼────┼────┼────┼────┼────┤ ├────┼────┼────┼────┼────┼────┼────┤
│ 27 │ 28 │ 29 │ 30 │ 31 │    │    │ │ 24 │ 25 │ 26 │ 27 │ 28 │ 29 │ 30 │ │ 29 │ 30 │ 31 │    │    │    │    │
├────┼────┼────┼────┼────┼────┼────┤ ├────┼────┼────┼────┼────┼────┼────┤ ├────┼────┼────┼────┼────┼────┼────┤
│    │    │    │    │    │    │    │ │    │    │    │    │    │    │    │ │    │    │    │    │    │    │    │
└────┴────┴────┴────┴────┴────┴────┘ └────┴────┴────┴────┴────┴────┴────┘ └────┴────┴────┴────┴────┴────┴────┘

